[debug] [2021-03-09T20:39:24.826Z] ----------------------------------------------------------------------
[debug] [2021-03-09T20:39:24.828Z] Command:       /home/thebwt/.nvm/versions/node/v14.15.4/bin/node /home/thebwt/.nvm/versions/node/v14.15.4/bin/firebase init
[debug] [2021-03-09T20:39:24.829Z] CLI Version:   9.3.0
[debug] [2021-03-09T20:39:24.829Z] Platform:      linux
[debug] [2021-03-09T20:39:24.829Z] Node Version:  v14.15.4
[debug] [2021-03-09T20:39:24.829Z] Time:          Tue Mar 09 2021 14:39:24 GMT-0600 (Central Standard Time)
[debug] [2021-03-09T20:39:24.829Z] ----------------------------------------------------------------------
[debug] [2021-03-09T20:39:24.829Z] 
[debug] [2021-03-09T20:39:24.833Z] > command requires scopes: ["email","openid","https://www.googleapis.com/auth/cloudplatformprojects.readonly","https://www.googleapis.com/auth/firebase","https://www.googleapis.com/auth/cloud-platform"]
[debug] [2021-03-09T20:39:24.833Z] > authorizing via signed-in user
[info] 
     ######## #### ########  ######## ########     ###     ######  ########
     ##        ##  ##     ## ##       ##     ##  ##   ##  ##       ##
     ######    ##  ########  ######   ########  #########  ######  ######
     ##        ##  ##    ##  ##       ##     ## ##     ##       ## ##
     ##       #### ##     ## ######## ########  ##     ##  ######  ########

You're about to initialize a Firebase project in this directory:

  /home/thebwt/Documents/workspace/thebwt

[info] 
=== Project Setup
[info] 
[info] First, let's associate this project directory with a Firebase project.
[info] You can create multiple project aliases by running firebase use --add, 
[info] but for now we'll just set up a default project.
[info] 
[debug] [2021-03-09T20:39:30.617Z] >>> [apiv2][query] GET https://firebase.googleapis.com/v1beta1/projects pageSize=100
[debug] [2021-03-09T20:39:31.070Z] <<< [apiv2][status] GET https://firebase.googleapis.com/v1beta1/projects 200
[debug] [2021-03-09T20:39:31.070Z] <<< [apiv2][body] GET https://firebase.googleapis.com/v1beta1/projects [omitted]
[info] i  Using project thebwt-personal (thebwt-personal) 
[info] 
=== Hosting Setup
[info] 
[info] Your public directory is the folder (relative to your project directory) that
[info] will contain Hosting assets to be uploaded with firebase deploy. If you
[info] have a build process for your assets, use your build's output directory.
[info] 
